  [1m[35m (0.3ms)[0m  [1m[34mSELECT sqlite_version(*)[0m
  ↳ /home/khaja/.rvm/gems/ruby-2.3.6/bin/rake:23
  [1m[35m (8.4ms)[0m  [1m[35mCREATE TABLE "schema_migrations" ("version" varchar NOT NULL PRIMARY KEY)[0m
  ↳ /home/khaja/.rvm/gems/ruby-2.3.6/bin/rake:23
  [1m[35m (5.8ms)[0m  [1m[35mCREATE TABLE "ar_internal_metadata" ("key" varchar NOT NULL PRIMARY KEY, "value" varchar, "created_at" datetime NOT NULL, "updated_at" datetime NOT NULL)[0m
  ↳ /home/khaja/.rvm/gems/ruby-2.3.6/bin/rake:23
  [1m[35m (0.3ms)[0m  [1m[34mSELECT "schema_migrations"."version" FROM "schema_migrations" ORDER BY "schema_migrations"."version" ASC[0m
  ↳ /home/khaja/.rvm/gems/ruby-2.3.6/bin/rake:23
Migrating to CreateProducts (20181223104555)
  [1m[35m (0.2ms)[0m  [1m[36mbegin transaction[0m
  ↳ /home/khaja/.rvm/gems/ruby-2.3.6/bin/rake:23
  [1m[35m (0.8ms)[0m  [1m[35mCREATE TABLE "products" ("id" integer PRIMARY KEY AUTOINCREMENT NOT NULL, "name" varchar, "price" decimal(7,2), "created_at" datetime NOT NULL, "updated_at" datetime NOT NULL)[0m
  ↳ db/migrate/20181223104555_create_products.rb:3
  [1m[36mActiveRecord::SchemaMigration Create (0.3ms)[0m  [1m[32mINSERT INTO "schema_migrations" ("version") VALUES (?)[0m  [["version", "20181223104555"]]
  ↳ /home/khaja/.rvm/gems/ruby-2.3.6/bin/rake:23
  [1m[35m (8.0ms)[0m  [1m[36mcommit transaction[0m
  ↳ /home/khaja/.rvm/gems/ruby-2.3.6/bin/rake:23
Migrating to CreateOrders (20181223104616)
  [1m[35m (0.1ms)[0m  [1m[36mbegin transaction[0m
  ↳ /home/khaja/.rvm/gems/ruby-2.3.6/bin/rake:23
  [1m[35m (0.6ms)[0m  [1m[35mCREATE TABLE "orders" ("id" integer PRIMARY KEY AUTOINCREMENT NOT NULL, "delivery_address" varchar, "created_at" datetime NOT NULL, "updated_at" datetime NOT NULL)[0m
  ↳ db/migrate/20181223104616_create_orders.rb:3
  [1m[36mActiveRecord::SchemaMigration Create (0.3ms)[0m  [1m[32mINSERT INTO "schema_migrations" ("version") VALUES (?)[0m  [["version", "20181223104616"]]
  ↳ /home/khaja/.rvm/gems/ruby-2.3.6/bin/rake:23
  [1m[35m (7.5ms)[0m  [1m[36mcommit transaction[0m
  ↳ /home/khaja/.rvm/gems/ruby-2.3.6/bin/rake:23
Migrating to CreateLineItems (20181223104631)
  [1m[35m (0.1ms)[0m  [1m[36mbegin transaction[0m
  ↳ /home/khaja/.rvm/gems/ruby-2.3.6/bin/rake:23
  [1m[35m (0.8ms)[0m  [1m[35mCREATE TABLE "line_items" ("id" integer PRIMARY KEY AUTOINCREMENT NOT NULL, "order_id" integer, "product_id" integer, "quantity" integer, "created_at" datetime NOT NULL, "updated_at" datetime NOT NULL, CONSTRAINT "fk_rails_2dc2e5c22c"
FOREIGN KEY ("order_id")
  REFERENCES "orders" ("id")
, CONSTRAINT "fk_rails_11e15d5c6b"
FOREIGN KEY ("product_id")
  REFERENCES "products" ("id")
)[0m
  ↳ db/migrate/20181223104631_create_line_items.rb:3
  [1m[35m (0.6ms)[0m  [1m[35mCREATE  INDEX "index_line_items_on_order_id" ON "line_items" ("order_id")[0m
  ↳ db/migrate/20181223104631_create_line_items.rb:3
  [1m[35m (0.4ms)[0m  [1m[35mCREATE  INDEX "index_line_items_on_product_id" ON "line_items" ("product_id")[0m
  ↳ db/migrate/20181223104631_create_line_items.rb:3
  [1m[36mActiveRecord::SchemaMigration Create (0.3ms)[0m  [1m[32mINSERT INTO "schema_migrations" ("version") VALUES (?)[0m  [["version", "20181223104631"]]
  ↳ /home/khaja/.rvm/gems/ruby-2.3.6/bin/rake:23
  [1m[35m (6.5ms)[0m  [1m[36mcommit transaction[0m
  ↳ /home/khaja/.rvm/gems/ruby-2.3.6/bin/rake:23
  [1m[36mActiveRecord::InternalMetadata Load (0.4ms)[0m  [1m[34mSELECT  "ar_internal_metadata".* FROM "ar_internal_metadata" WHERE "ar_internal_metadata"."key" = ? LIMIT ?[0m  [["key", "environment"], ["LIMIT", 1]]
  ↳ /home/khaja/.rvm/gems/ruby-2.3.6/bin/rake:23
  [1m[35m (0.2ms)[0m  [1m[36mbegin transaction[0m
  ↳ /home/khaja/.rvm/gems/ruby-2.3.6/bin/rake:23
  [1m[36mActiveRecord::InternalMetadata Create (0.5ms)[0m  [1m[32mINSERT INTO "ar_internal_metadata" ("key", "value", "created_at", "updated_at") VALUES (?, ?, ?, ?)[0m  [["key", "environment"], ["value", "development"], ["created_at", "2018-12-23 10:46:38.623014"], ["updated_at", "2018-12-23 10:46:38.623014"]]
  ↳ /home/khaja/.rvm/gems/ruby-2.3.6/bin/rake:23
  [1m[35m (4.5ms)[0m  [1m[36mcommit transaction[0m
  ↳ /home/khaja/.rvm/gems/ruby-2.3.6/bin/rake:23
  [1m[35m (0.2ms)[0m  [1m[34mSELECT "schema_migrations"."version" FROM "schema_migrations" ORDER BY "schema_migrations"."version" ASC[0m
  ↳ /home/khaja/.rvm/gems/ruby-2.3.6/bin/rake:23
  [1m[35m (0.1ms)[0m  [1m[36mbegin transaction[0m
  [1m[36mProduct Create (1.0ms)[0m  [1m[32mINSERT INTO "products" ("name", "price", "created_at", "updated_at") VALUES (?, ?, ?, ?)[0m  [["name", "Milk(1liter)"], ["price", 0.45], ["created_at", "2018-12-23 10:50:26.142262"], ["updated_at", "2018-12-23 10:50:26.142262"]]
  [1m[35m (5.1ms)[0m  [1m[36mcommit transaction[0m
  [1m[35m (0.4ms)[0m  [1m[36mbegin transaction[0m
  [1m[36mProduct Create (0.7ms)[0m  [1m[32mINSERT INTO "products" ("name", "price", "created_at", "updated_at") VALUES (?, ?, ?, ?)[0m  [["name", "Butter(250gr)"], ["price", 0.75], ["created_at", "2018-12-23 10:50:46.978589"], ["updated_at", "2018-12-23 10:50:46.978589"]]
  [1m[35m (4.4ms)[0m  [1m[36mcommit transaction[0m
  [1m[35m (0.3ms)[0m  [1m[36mbegin transaction[0m
  [1m[36mProduct Create (3.4ms)[0m  [1m[32mINSERT INTO "products" ("name", "price", "created_at", "updated_at") VALUES (?, ?, ?, ?)[0m  [["name", "Flour(1kg)"], ["price", 0.45], ["created_at", "2018-12-23 10:50:59.740526"], ["updated_at", "2018-12-23 10:50:59.740526"]]
  [1m[35m (6.0ms)[0m  [1m[36mcommit transaction[0m
  [1m[35m (0.1ms)[0m  [1m[36mbegin transaction[0m
  [1m[36mOrder Create (0.8ms)[0m  [1m[32mINSERT INTO "orders" ("delivery_address", "created_at", "updated_at") VALUES (?, ?, ?)[0m  [["delivery_address", "123AcmeStreet,ACMESTATE12345"], ["created_at", "2018-12-23 10:53:18.888522"], ["updated_at", "2018-12-23 10:53:18.888522"]]
  [1m[36mLineItem Create (0.4ms)[0m  [1m[32mINSERT INTO "line_items" ("order_id", "product_id", "created_at", "updated_at") VALUES (?, ?, ?, ?)[0m  [["order_id", 1], ["product_id", 1], ["created_at", "2018-12-23 10:53:18.892070"], ["updated_at", "2018-12-23 10:53:18.892070"]]
  [1m[35m (5.2ms)[0m  [1m[36mcommit transaction[0m
  [1m[35m (0.7ms)[0m  [1m[36mbegin transaction[0m
  [1m[36mLineItem Update (0.5ms)[0m  [1m[33mUPDATE "line_items" SET "quantity" = ?, "updated_at" = ? WHERE "line_items"."id" = ?[0m  [["quantity", 3], ["updated_at", "2018-12-23 10:53:55.137608"], ["id", 1]]
  [1m[35m (8.4ms)[0m  [1m[36mcommit transaction[0m
  [1m[35m (2.2ms)[0m  [1m[36mbegin transaction[0m
  [1m[36mProduct Load (0.4ms)[0m  [1m[34mSELECT  "products".* FROM "products" WHERE "products"."id" = ? LIMIT ?[0m  [["id", 2], ["LIMIT", 1]]
  [1m[36mLineItem Create (1.1ms)[0m  [1m[32mINSERT INTO "line_items" ("order_id", "product_id", "quantity", "created_at", "updated_at") VALUES (?, ?, ?, ?, ?)[0m  [["order_id", 1], ["product_id", 2], ["quantity", 2], ["created_at", "2018-12-23 10:55:27.144354"], ["updated_at", "2018-12-23 10:55:27.144354"]]
  [1m[35m (4.6ms)[0m  [1m[36mcommit transaction[0m
  [1m[36mOrder Load (0.4ms)[0m  [1m[34mSELECT  "orders".* FROM "orders" ORDER BY "orders"."id" ASC LIMIT ?[0m  [["LIMIT", 1]]
  [1m[36mProduct Load (0.4ms)[0m  [1m[34mSELECT  "products".* FROM "products" INNER JOIN "line_items" ON "products"."id" = "line_items"."product_id" WHERE "line_items"."order_id" = ? LIMIT ?[0m  [["order_id", 1], ["LIMIT", 11]]
  [1m[35m (0.2ms)[0m  [1m[36mbegin transaction[0m
  [1m[36mOrder Create (1.1ms)[0m  [1m[32mINSERT INTO "orders" ("delivery_address", "created_at", "updated_at") VALUES (?, ?, ?)[0m  [["delivery_address", "2,TestRoad"], ["created_at", "2018-12-23 10:57:15.077503"], ["updated_at", "2018-12-23 10:57:15.077503"]]
  [1m[35m (5.1ms)[0m  [1m[36mcommit transaction[0m
  [1m[36mProduct Load (0.6ms)[0m  [1m[34mSELECT "products".* FROM "products"[0m
  [1m[35m (0.2ms)[0m  [1m[36mbegin transaction[0m
  [1m[36mLineItem Create (1.1ms)[0m  [1m[32mINSERT INTO "line_items" ("order_id", "product_id", "created_at", "updated_at") VALUES (?, ?, ?, ?)[0m  [["order_id", 2], ["product_id", 1], ["created_at", "2018-12-23 10:57:32.319223"], ["updated_at", "2018-12-23 10:57:32.319223"]]
  [1m[36mLineItem Create (0.3ms)[0m  [1m[32mINSERT INTO "line_items" ("order_id", "product_id", "created_at", "updated_at") VALUES (?, ?, ?, ?)[0m  [["order_id", 2], ["product_id", 2], ["created_at", "2018-12-23 10:57:32.323617"], ["updated_at", "2018-12-23 10:57:32.323617"]]
  [1m[36mLineItem Create (0.3ms)[0m  [1m[32mINSERT INTO "line_items" ("order_id", "product_id", "created_at", "updated_at") VALUES (?, ?, ?, ?)[0m  [["order_id", 2], ["product_id", 3], ["created_at", "2018-12-23 10:57:32.327038"], ["updated_at", "2018-12-23 10:57:32.327038"]]
  [1m[35m (5.0ms)[0m  [1m[36mcommit transaction[0m
  [1m[36mProduct Load (0.2ms)[0m  [1m[34mSELECT  "products".* FROM "products" INNER JOIN "line_items" ON "products"."id" = "line_items"."product_id" WHERE "line_items"."order_id" = ? LIMIT ?[0m  [["order_id", 2], ["LIMIT", 11]]
  [1m[35m (0.2ms)[0m  [1m[36mbegin transaction[0m
  [1m[35m (0.1ms)[0m  [1m[36mcommit transaction[0m
  [1m[36mProduct Load (0.6ms)[0m  [1m[34mSELECT  "products".* FROM "products" ORDER BY "products"."id" ASC LIMIT ?[0m  [["LIMIT", 1]]
  [1m[36mOrder Load (0.4ms)[0m  [1m[34mSELECT  "orders".* FROM "orders" INNER JOIN "line_items" ON "orders"."id" = "line_items"."order_id" WHERE "line_items"."product_id" = ? LIMIT ?[0m  [["product_id", 1], ["LIMIT", 11]]
Started GET "/" for 127.0.0.1 at 2018-12-24 22:11:50 +0530
  [1m[35m (15.6ms)[0m  [1m[34mSELECT "schema_migrations"."version" FROM "schema_migrations" ORDER BY "schema_migrations"."version" ASC[0m
  ↳ /home/khaja/.rvm/gems/ruby-2.3.6/gems/activerecord-5.2.2/lib/active_record/log_subscriber.rb:98
Processing by Rails::WelcomeController#index as HTML
  Rendering /home/khaja/.rvm/gems/ruby-2.3.6/gems/railties-5.2.2/lib/rails/templates/rails/welcome/index.html.erb
  Rendered /home/khaja/.rvm/gems/ruby-2.3.6/gems/railties-5.2.2/lib/rails/templates/rails/welcome/index.html.erb (8.1ms)
Completed 200 OK in 48ms (Views: 19.9ms | ActiveRecord: 0.0ms)


